<?xml version="1.0" encoding="UTF-8"?>
<!-- Generated by org.testng.reporters.JUnitReportReporter -->
<testsuite hostname="L1458212" name="com.ERP.Masters.screenshot" tests="1" failures="0" timestamp="3 Sep 2016 09:02:09 GMT" time="23.439" errors="0">
  <testcase name="scrren" time="23.439" classname="com.ERP.Masters.screenshot"/>
</testsuite> <!-- com.ERP.Masters.screenshot -->
