<?xml version="1.0" encoding="UTF-8"?>
<!-- Generated by org.testng.reporters.JUnitReportReporter -->
<testsuite hostname="L1458212" name="com.ERP.Masters.stckcat" tests="1" failures="0" timestamp="2 Sep 2016 10:32:52 GMT" time="8.336" errors="0">
  <testcase name="f" time="8.336" classname="com.ERP.Masters.stckcat"/>
</testsuite> <!-- com.ERP.Masters.stckcat -->
